16:59:59 **** Incremental Build of configuration Debug for project 5ARA ****
make all 
Building file: ../APP.c
Invoking: AVR Compiler
avr-gcc -Wall -g2 -gstabs -O0 -fpack-struct -fshort-enums -ffunction-sections -fdata-sections -std=gnu99 -funsigned-char -funsigned-bitfields -mmcu=atmega32 -DF_CPU=8000000UL -MMD -MP -MF"APP.d" -MT"APP.o" -c -o "APP.o" "../APP.c"
In file included from ../APP.c:13:
c:/winavr-20100110/lib/gcc/../../avr/include/avr/delay.h:36:2: warning: #warning "This file has been moved to <util/delay.h>."
In file included from c:/winavr-20100110/lib/gcc/../../avr/include/avr/delay.h:37,
                 from ../APP.c:13:
c:/winavr-20100110/lib/gcc/../../avr/include/util/delay.h:90:3: warning: #warning "Compiler optimizations disabled; functions from <util/delay.h> won't work as designed"
Finished building: ../APP.c
 
Building file: ../lcd.c
Invoking: AVR Compiler
avr-gcc -Wall -g2 -gstabs -O0 -fpack-struct -fshort-enums -ffunction-sections -fdata-sections -std=gnu99 -funsigned-char -funsigned-bitfields -mmcu=atmega32 -DF_CPU=8000000UL -MMD -MP -MF"lcd.d" -MT"lcd.o" -c -o "lcd.o" "../lcd.c"
In file included from ../lcd.c:12:
c:/winavr-20100110/lib/gcc/../../avr/include/avr/delay.h:36:2: warning: #warning "This file has been moved to <util/delay.h>."
In file included from c:/winavr-20100110/lib/gcc/../../avr/include/avr/delay.h:37,
                 from ../lcd.c:12:
c:/winavr-20100110/lib/gcc/../../avr/include/util/delay.h:90:3: warning: #warning "Compiler optimizations disabled; functions from <util/delay.h> won't work as designed"
../lcd.c:15:1: warning: "F_CPU" redefined
<command-line>: warning: this is the location of the previous definition
../lcd.c: In function 'lcd_write_string':
../lcd.c:100: warning: array subscript has type 'char'
../lcd.c:102: warning: array subscript has type 'char'
../lcd.c: In function 'return_ASCII':
../lcd.c:149: warning: control reaches end of non-void function
Finished building: ../lcd.c
 
Building target: 5ARA.elf
Invoking: AVR C Linker
avr-gcc -Wl,-Map,5ARA.map -mmcu=atmega32 -o "5ARA.elf"  ./APP.o ./DIO.o ./Timer1.o ./lcd.o   
Finished building target: 5ARA.elf
 
Invoking: AVR Create Extended Listing
avr-objdump -h -S 5ARA.elf  >"5ARA.lss"
Finished building: 5ARA.lss
 
Create Flash image (ihex format)
avr-objcopy -R .eeprom -R .fuse -R .lock -R .signature -O ihex 5ARA.elf  "5ARA.hex"
Finished building: 5ARA.hex
 
Invoking: Print Size
avr-size --format=avr --mcu=atmega32 5ARA.elf
AVR Memory Usage
----------------
Device: atmega32

Program:   14838 bytes (45.3% Full)
(.text + .data + .bootloader)

Data:        327 bytes (16.0% Full)
(.data + .bss + .noinit)


Finished building: sizedummy
 
Invoking: AVRDude
C:\WinAVR-20100110\bin\avrdude -pm32 -cusbasp -Uflash:w:5ARA.hex:a

avrdude: warning: cannot set sck period. please check for usbasp firmware update.
avrdude: AVR device initialized and ready to accept instructions

Reading | ################################################## | 100% 0.02s

avrdude: Device signature = 0x1e9502
avrdude: NOTE: FLASH memory has been specified, an erase cycle will be performed
         To disable this feature, specify the -D option.
avrdude: erasing chip
avrdude: warning: cannot set sck period. please check for usbasp firmware update.
avrdude: reading input file "5ARA.hex"
avrdude: input file 5ARA.hex auto detected as Intel Hex
avrdude: writing flash (14838 bytes):

Writing | ################################################## | 100% 8.60s

avrdude: 14838 bytes of flash written
avrdude: verifying flash memory against 5ARA.hex:
avrdude: load data flash data from input file 5ARA.hex:
avrdude: input file 5ARA.hex auto detected as Intel Hex
avrdude: input file 5ARA.hex contains 14838 bytes
avrdude: reading on-chip flash data:

Reading | ################################################## | 100% 8.02s

avrdude: verifying ...
avrdude: 14838 bytes of flash verified

avrdude done.  Thank you.

Finished building: avrdudedummy
 

17:00:18 Build Finished (took 19s.229ms)

