16:58:05 **** Incremental Build of configuration Debug for project cal2 ****
make all 
Building file: ../main.c
Invoking: AVR Compiler
avr-gcc -Wall -g2 -gstabs -O0 -fpack-struct -fshort-enums -ffunction-sections -fdata-sections -std=gnu99 -funsigned-char -funsigned-bitfields -mmcu=atmega32 -DF_CPU=8000000UL -MMD -MP -MF"main.d" -MT"main.o" -c -o "main.o" "../main.c"
In file included from ../main.c:9:
c:/winavr-20100110/lib/gcc/../../avr/include/avr/delay.h:36:2: warning: #warning "This file has been moved to <util/delay.h>."
In file included from c:/winavr-20100110/lib/gcc/../../avr/include/avr/delay.h:37,
                 from ../main.c:9:
c:/winavr-20100110/lib/gcc/../../avr/include/util/delay.h:90:3: warning: #warning "Compiler optimizations disabled; functions from <util/delay.h> won't work as designed"
../main.c:16: warning: return type of 'main' is not 'int'
Finished building: ../main.c
 
Building target: cal2.elf
Invoking: AVR C Linker
avr-gcc -Wl,-Map,cal2.map -mmcu=atmega32 -o "cal2.elf"  ./DIO.o ./Keypad.o ./lcd.o ./main.o   
Finished building target: cal2.elf
 
Invoking: AVR Create Extended Listing
avr-objdump -h -S cal2.elf  >"cal2.lss"
Finished building: cal2.lss
 
Create Flash image (ihex format)
avr-objcopy -R .eeprom -R .fuse -R .lock -R .signature -O ihex cal2.elf  "cal2.hex"
Finished building: cal2.hex
 
Invoking: Print Size
avr-size --format=avr --mcu=atmega32 cal2.elf
AVR Memory Usage
----------------
Device: atmega32

Program:    8066 bytes (24.6% Full)
(.text + .data + .bootloader)

Data:         24 bytes (1.2% Full)
(.data + .bss + .noinit)


Finished building: sizedummy
 
Invoking: AVRDude
C:\WinAVR-20100110\bin\avrdude -pm32 -cusbasp -Uflash:w:cal2.hex:a

avrdude: warning: cannot set sck period. please check for usbasp firmware update.
avrdude: AVR device initialized and ready to accept instructions

Reading | ################################################## | 100% 0.01s

avrdude: Device signature = 0x1e9502
avrdude: NOTE: FLASH memory has been specified, an erase cycle will be performed
         To disable this feature, specify the -D option.
avrdude: erasing chip
avrdude: warning: cannot set sck period. please check for usbasp firmware update.
avrdude: reading input file "cal2.hex"
avrdude: input file cal2.hex auto detected as Intel Hex
avrdude: writing flash (8066 bytes):

Writing | ################################################## | 100% 4.67s

avrdude: 8066 bytes of flash written
avrdude: verifying flash memory against cal2.hex:
avrdude: load data flash data from input file cal2.hex:
avrdude: input file cal2.hex auto detected as Intel Hex
avrdude: input file cal2.hex contains 8066 bytes
avrdude: reading on-chip flash data:

Reading | ################################################## | 100% 4.36s

avrdude: verifying ...
avrdude: 8066 bytes of flash verified

avrdude done.  Thank you.

Finished building: avrdudedummy
 

16:58:16 Build Finished (took 10s.765ms)

