13:08:32 **** Incremental Build of configuration Debug for project Hbridge ****
make all 
Invoking: Print Size
avr-size --format=avr --mcu=atmega32 Hbridge.elf
AVR Memory Usage
----------------
Device: atmega32

Program:    5972 bytes (18.2% Full)
(.text + .data + .bootloader)

Data:          8 bytes (0.4% Full)
(.data + .bss + .noinit)


Finished building: sizedummy
 
Invoking: AVRDude
C:\WinAVR-20100110\bin\avrdude -pm32 -cusbasp -Uflash:w:Hbridge.hex:a

avrdude: warning: cannot set sck period. please check for usbasp firmware update.
avrdude: AVR device initialized and ready to accept instructions

Reading | ################################################## | 100% 0.01s

avrdude: Device signature = 0x1e9502
avrdude: NOTE: FLASH memory has been specified, an erase cycle will be performed
         To disable this feature, specify the -D option.
avrdude: erasing chip
avrdude: warning: cannot set sck period. please check for usbasp firmware update.
avrdude: reading input file "Hbridge.hex"
avrdude: input file Hbridge.hex auto detected as Intel Hex
avrdude: writing flash (5972 bytes):

Writing | ################################################## | 100% 3.46s

avrdude: 5972 bytes of flash written
avrdude: verifying flash memory against Hbridge.hex:
avrdude: load data flash data from input file Hbridge.hex:
avrdude: input file Hbridge.hex auto detected as Intel Hex
avrdude: input file Hbridge.hex contains 5972 bytes
avrdude: reading on-chip flash data:

Reading | ################################################## | 100% 3.23s

avrdude: verifying ...
avrdude: 5972 bytes of flash verified

avrdude done.  Thank you.

Finished building: avrdudedummy
 

13:08:39 Build Finished (took 7s.336ms)

