16:14:37 **** Incremental Build of configuration Debug for project i2c_slave ****
make all 
Building file: ../main.c
Invoking: AVR Compiler
avr-gcc -Wall -g2 -gstabs -O0 -fpack-struct -fshort-enums -ffunction-sections -fdata-sections -std=gnu99 -funsigned-char -funsigned-bitfields -mmcu=atmega32 -DF_CPU=8000000UL -MMD -MP -MF"main.d" -MT"main.o" -c -o "main.o" "../main.c"
In file included from ../main.c:10:
c:/winavr-20100110/lib/gcc/../../avr/include/util/delay.h:90:3: warning: #warning "Compiler optimizations disabled; functions from <util/delay.h> won't work as designed"
In file included from ../main.c:13:
../registers.h:1:1: warning: "DDRA" redefined
In file included from c:/winavr-20100110/lib/gcc/../../avr/include/avr/io.h:206,
                 from ../main.c:8:
c:/winavr-20100110/lib/gcc/../../avr/include/avr/iom32.h:99:1: warning: this is the location of the previous definition
In file included from ../main.c:13:
../registers.h:2:1: warning: "PORTA" redefined
In file included from c:/winavr-20100110/lib/gcc/../../avr/include/avr/io.h:206,
                 from ../main.c:8:
c:/winavr-20100110/lib/gcc/../../avr/include/avr/iom32.h:100:1: warning: this is the location of the previous definition
In file included from ../main.c:13:
../registers.h:3:1: warning: "PINA" redefined
In file included from c:/winavr-20100110/lib/gcc/../../avr/include/avr/io.h:206,
                 from ../main.c:8:
c:/winavr-20100110/lib/gcc/../../avr/include/avr/iom32.h:98:1: warning: this is the location of the previous definition
In file included from ../main.c:13:
../registers.h:5:1: warning: "DDRB" redefined
In file included from c:/winavr-20100110/lib/gcc/../../avr/include/avr/io.h:206,
                 from ../main.c:8:
c:/winavr-20100110/lib/gcc/../../avr/include/avr/iom32.h:94:1: warning: this is the location of the previous definition
In file included from ../main.c:13:
../registers.h:6:1: warning: "PORTB" redefined
In file included from c:/winavr-20100110/lib/gcc/../../avr/include/avr/io.h:206,
                 from ../main.c:8:
c:/winavr-20100110/lib/gcc/../../avr/include/avr/iom32.h:95:1: warning: this is the location of the previous definition
In file included from ../main.c:13:
../registers.h:7:1: warning: "PINB" redefined
In file included from c:/winavr-20100110/lib/gcc/../../avr/include/avr/io.h:206,
                 from ../main.c:8:
c:/winavr-20100110/lib/gcc/../../avr/include/avr/iom32.h:93:1: warning: this is the location of the previous definition
In file included from ../main.c:13:
../registers.h:9:1: warning: "DDRC" redefined
In file included from c:/winavr-20100110/lib/gcc/../../avr/include/avr/io.h:206,
                 from ../main.c:8:
c:/winavr-20100110/lib/gcc/../../avr/include/avr/iom32.h:89:1: warning: this is the location of the previous definition
In file included from ../main.c:13:
../registers.h:10:1: warning: "PORTC" redefined
In file included from c:/winavr-20100110/lib/gcc/../../avr/include/avr/io.h:206,
                 from ../main.c:8:
c:/winavr-20100110/lib/gcc/../../avr/include/avr/iom32.h:90:1: warning: this is the location of the previous definition
In file included from ../main.c:13:
../registers.h:11:1: warning: "PINC" redefined
In file included from c:/winavr-20100110/lib/gcc/../../avr/include/avr/io.h:206,
                 from ../main.c:8:
c:/winavr-20100110/lib/gcc/../../avr/include/avr/iom32.h:88:1: warning: this is the location of the previous definition
In file included from ../main.c:13:
../registers.h:13:1: warning: "DDRD" redefined
In file included from c:/winavr-20100110/lib/gcc/../../avr/include/avr/io.h:206,
                 from ../main.c:8:
c:/winavr-20100110/lib/gcc/../../avr/include/avr/iom32.h:84:1: warning: this is the location of the previous definition
In file included from ../main.c:13:
../registers.h:14:1: warning: "PORTD" redefined
In file included from c:/winavr-20100110/lib/gcc/../../avr/include/avr/io.h:206,
                 from ../main.c:8:
c:/winavr-20100110/lib/gcc/../../avr/include/avr/iom32.h:85:1: warning: this is the location of the previous definition
In file included from ../main.c:13:
../registers.h:15:1: warning: "PIND" redefined
In file included from c:/winavr-20100110/lib/gcc/../../avr/include/avr/io.h:206,
                 from ../main.c:8:
c:/winavr-20100110/lib/gcc/../../avr/include/avr/iom32.h:83:1: warning: this is the location of the previous definition
In file included from ../main.c:15:
../LCD.h:8: warning: data definition has no type or storage class
../LCD.h:8: warning: type defaults to 'int' in declaration of 'LCD_setposition'
../main.c: In function 'main':
../main.c:23: warning: pointer targets in passing argument 1 of 'LCD_writestring' differ in signedness
../main.c:31: warning: pointer targets in passing argument 1 of 'LCD_writestring' differ in signedness
Finished building: ../main.c
 
Building target: i2c_slave.elf
Invoking: AVR C Linker
avr-gcc -Wl,-Map,i2c_slave.map -mmcu=atmega32 -o "i2c_slave.elf"  ./DIO.o ./LCD.o ./i2c.o ./main.o   
Finished building target: i2c_slave.elf
 
Create Flash image (ihex format)
avr-objcopy -R .eeprom -R .fuse -R .lock -R .signature -O ihex i2c_slave.elf  "i2c_slave.hex"
Finished building: i2c_slave.hex
 

16:14:38 Build Finished (took 718ms)

