06:50:44 **** Incremental Build of configuration Debug for project Keypad ****
make all 
Invoking: Print Size
avr-size --format=avr --mcu=atmega32 Keypad.elf
AVR Memory Usage
----------------
Device: atmega32

Program:    2398 bytes (7.3% Full)
(.text + .data + .bootloader)

Data:          2 bytes (0.1% Full)
(.data + .bss + .noinit)


Finished building: sizedummy
 
Invoking: AVRDude
C:\WinAVR-20100110\bin\avrdude -pm32 -cusbasp -Uflash:w:Keypad.hex:a

avrdude: warning: cannot set sck period. please check for usbasp firmware update.
avrdude: error: programm enable: target doesn't answer. 1 
avrdude: initialization failed, rc=-1
         Double check connections and try again, or use -F to override
         this check.


avrdude done.  Thank you.

make: *** [avrdudedummy] Error 1

06:50:45 Build Finished (took 1s.111ms)

