19:51:37 **** Incremental Build of configuration Debug for project lcd ****
make all 
Building file: ../lcd.c
Invoking: AVR Compiler
avr-gcc -Wall -g2 -gstabs -O0 -fpack-struct -fshort-enums -ffunction-sections -fdata-sections -std=gnu99 -funsigned-char -funsigned-bitfields -mmcu=atmega32 -DF_CPU=8000000UL -MMD -MP -MF"lcd.d" -MT"lcd.o" -c -o "lcd.o" "../lcd.c"
In file included from ../lcd_lib.h:15,
                 from ../lcd.c:3:
c:/winavr-20100110/lib/gcc/../../avr/include/util/delay.h:90:3: warning: #warning "Compiler optimizations disabled; functions from <util/delay.h> won't work as designed"
Finished building: ../lcd.c
 
Building file: ../main.c
Invoking: AVR Compiler
avr-gcc -Wall -g2 -gstabs -O0 -fpack-struct -fshort-enums -ffunction-sections -fdata-sections -std=gnu99 -funsigned-char -funsigned-bitfields -mmcu=atmega32 -DF_CPU=8000000UL -MMD -MP -MF"main.d" -MT"main.o" -c -o "main.o" "../main.c"
In file included from ../lcd_lib.h:15,
                 from ../main.c:2:
c:/winavr-20100110/lib/gcc/../../avr/include/util/delay.h:90:3: warning: #warning "Compiler optimizations disabled; functions from <util/delay.h> won't work as designed"
../main.c:4: warning: return type of 'main' is not 'int'
../main.c: In function 'main':
../main.c:10: warning: pointer targets in passing argument 1 of 'LCD_write_string' differ in signedness
../main.c:12: warning: pointer targets in passing argument 1 of 'LCD_write_string' differ in signedness
Finished building: ../main.c
 
Building target: lcd.elf
Invoking: AVR C Linker
avr-gcc -Wl,-Map,lcd.map -mmcu=atmega32 -o "lcd.elf"  ./lcd.o ./main.o   
Finished building target: lcd.elf
 
Invoking: AVR Create Extended Listing
avr-objdump -h -S lcd.elf  >"lcd.lss"
Finished building: lcd.lss
 
Create Flash image (ihex format)
avr-objcopy -R .eeprom -R .fuse -R .lock -R .signature -O ihex lcd.elf  "lcd.hex"
Finished building: lcd.hex
 
Invoking: Print Size
avr-size --format=avr --mcu=atmega32 lcd.elf
AVR Memory Usage
----------------
Device: atmega32

Program:    5598 bytes (17.1% Full)
(.text + .data + .bootloader)

Data:         24 bytes (1.2% Full)
(.data + .bss + .noinit)


Finished building: sizedummy
 
Invoking: AVRDude
C:\WinAVR-20100110\bin\avrdude -pm32 -cusbasp -Uflash:w:lcd.hex:a

avrdude: warning: cannot set sck period. please check for usbasp firmware update.
avrdude: AVR device initialized and ready to accept instructions

Reading | ################################################## | 100% 0.01s

avrdude: Device signature = 0x1e9502
avrdude: NOTE: FLASH memory has been specified, an erase cycle will be performed
         To disable this feature, specify the -D option.
avrdude: erasing chip
avrdude: warning: cannot set sck period. please check for usbasp firmware update.
avrdude: reading input file "lcd.hex"
avrdude: input file lcd.hex auto detected as Intel Hex
avrdude: writing flash (5598 bytes):

Writing | ################################################## | 100% 3.25s

avrdude: 5598 bytes of flash written
avrdude: verifying flash memory against lcd.hex:
avrdude: load data flash data from input file lcd.hex:
avrdude: input file lcd.hex auto detected as Intel Hex
avrdude: input file lcd.hex contains 5598 bytes
avrdude: reading on-chip flash data:

Reading | ################################################## | 100% 3.02s

avrdude: verifying ...
avrdude: 5598 bytes of flash verified

avrdude done.  Thank you.

Finished building: avrdudedummy
 

19:51:45 Build Finished (took 8s.375ms)

