20:48:02 **** Incremental Build of configuration Debug for project lcd_d ****
make all 
Building file: ../main.c
Invoking: AVR Compiler
avr-gcc -Wall -g2 -gstabs -O0 -fpack-struct -fshort-enums -ffunction-sections -fdata-sections -std=gnu99 -funsigned-char -funsigned-bitfields -mmcu=atmega32 -DF_CPU=8000000UL -MMD -MP -MF"main.d" -MT"main.o" -c -o "main.o" "../main.c"
In file included from ../main.c:16:
c:/winavr-20100110/lib/gcc/../../avr/include/avr/delay.h:36:2: warning: #warning "This file has been moved to <util/delay.h>."
Finished building: ../main.c
In file included from c:/winavr-20100110/lib/gcc/../../avr/include/avr/delay.h:37,
                 from ../main.c:16:
c:/winavr-20100110/lib/gcc/../../avr/include/util/delay.h:90:3: warning: #warning "Compiler optimizations disabled; functions from <util/delay.h> won't work as designed"
../main.c:21: warning: return type of 'main' is not 'int'
 
Building target: lcd_d.elf
Invoking: AVR C Linker
avr-gcc -Wl,-Map,lcd_d.map -mmcu=atmega32 -o "lcd_d.elf"  ./DIO.o ./lcd.o ./main.o   
Finished building target: lcd_d.elf
 
Invoking: AVR Create Extended Listing
avr-objdump -h -S lcd_d.elf  >"lcd_d.lss"
Finished building: lcd_d.lss
 
Create Flash image (ihex format)
avr-objcopy -R .eeprom -R .fuse -R .lock -R .signature -O ihex lcd_d.elf  "lcd_d.hex"
Finished building: lcd_d.hex
 
Invoking: Print Size
avr-size --format=avr --mcu=atmega32 lcd_d.elf
AVR Memory Usage
----------------
Device: atmega32

Program:   12692 bytes (38.7% Full)
(.text + .data + .bootloader)

Data:         14 bytes (0.7% Full)
(.data + .bss + .noinit)


Finished building: sizedummy
 
Invoking: AVRDude
C:\WinAVR-20100110\bin\avrdude -pm32 -cusbasp -Uflash:w:lcd_d.hex:a

avrdude: warning: cannot set sck period. please check for usbasp firmware update.
avrdude: AVR device initialized and ready to accept instructions

Reading | ################################################## | 100% 0.02s

avrdude: Device signature = 0x1e9502
avrdude: NOTE: FLASH memory has been specified, an erase cycle will be performed
         To disable this feature, specify the -D option.
avrdude: erasing chip
avrdude: warning: cannot set sck period. please check for usbasp firmware update.
avrdude: reading input file "lcd_d.hex"
avrdude: input file lcd_d.hex auto detected as Intel Hex
avrdude: writing flash (12692 bytes):

Writing | ################################################## | 100% 7.37s

avrdude: 12692 bytes of flash written
avrdude: verifying flash memory against lcd_d.hex:
avrdude: load data flash data from input file lcd_d.hex:
avrdude: input file lcd_d.hex auto detected as Intel Hex
avrdude: input file lcd_d.hex contains 12692 bytes
avrdude: reading on-chip flash data:

Reading | ################################################## | 100% 7.06s

avrdude: verifying ...
avrdude: 12692 bytes of flash verified

avrdude done.  Thank you.

Finished building: avrdudedummy
 

20:48:19 Build Finished (took 16s.820ms)

