21:41:32 **** Incremental Build of configuration Debug for project LED ****
make all 
Building file: ../main.c
Invoking: AVR Compiler
avr-gcc -Wall -g2 -gstabs -O0 -fpack-struct -fshort-enums -ffunction-sections -fdata-sections -std=gnu99 -funsigned-char -funsigned-bitfields -mmcu=atmega32 -DF_CPU=8000000UL -MMD -MP -MF"main.d" -MT"main.o" -c -o "main.o" "../main.c"
In file included from ../main.c:7:
c:/winavr-20100110/lib/gcc/../../avr/include/util/delay.h:90:3: warning: #warning "Compiler optimizations disabled; functions from <util/delay.h> won't work as designed"
../main.c:9: warning: return type of 'main' is not 'int'
Finished building: ../main.c
 
Building target: LED.elf
Invoking: AVR C Linker
avr-gcc -Wl,-Map,LED.map -mmcu=atmega32 -o "LED.elf"  ./DIO.o ./LED.o ./main.o   
Finished building target: LED.elf
 
Invoking: AVR Create Extended Listing
avr-objdump -h -S LED.elf  >"LED.lss"
Finished building: LED.lss
 
Create Flash image (ihex format)
avr-objcopy -R .eeprom -R .fuse -R .lock -R .signature -O ihex LED.elf  "LED.hex"
Finished building: LED.hex
 
Invoking: Print Size
avr-size --format=avr --mcu=atmega32 LED.elf
AVR Memory Usage
----------------
Device: atmega32

Program:    6554 bytes (20.0% Full)
(.text + .data + .bootloader)

Data:        264 bytes (12.9% Full)
(.data + .bss + .noinit)


Finished building: sizedummy
 
Invoking: AVRDude
C:\WinAVR-20100110\bin\avrdude -pm32 -cusbasp -Uflash:w:LED.hex:a

avrdude: warning: cannot set sck period. please check for usbasp firmware update.
avrdude: AVR device initialized and ready to accept instructions

Reading | ################################################## | 100% 0.02s

avrdude: Device signature = 0x1e9502
avrdude: NOTE: FLASH memory has been specified, an erase cycle will be performed
         To disable this feature, specify the -D option.
avrdude: erasing chip
avrdude: warning: cannot set sck period. please check for usbasp firmware update.
avrdude: reading input file "LED.hex"
avrdude: input file LED.hex auto detected as Intel Hex
avrdude: writing flash (6554 bytes):

Writing | ################################################## | 100% 3.81s

avrdude: 6554 bytes of flash written
avrdude: verifying flash memory against LED.hex:
avrdude: load data flash data from input file LED.hex:
avrdude: input file LED.hex auto detected as Intel Hex
avrdude: input file LED.hex contains 6554 bytes
avrdude: reading on-chip flash data:

Reading | ################################################## | 100% 3.54s

avrdude: verifying ...
avrdude: 6554 bytes of flash verified

avrdude done.  Thank you.

Finished building: avrdudedummy
 

21:41:41 Build Finished (took 8s.861ms)

