00:20:29 **** Incremental Build of configuration Debug for project stepper_motor ****
make all 
Building file: ../main.c
Invoking: AVR Compiler
avr-gcc -Wall -g2 -gstabs -O0 -fpack-struct -fshort-enums -ffunction-sections -fdata-sections -std=gnu99 -funsigned-char -funsigned-bitfields -mmcu=atmega32 -DF_CPU=8000000UL -MMD -MP -MF"main.d" -MT"main.o" -c -o "main.o" "../main.c"
In file included from ../main.c:9:
c:/winavr-20100110/lib/gcc/../../avr/include/avr/delay.h:36:2: warning: #warning "This file has been moved to <util/delay.h>."
In file included from c:/winavr-20100110/lib/gcc/../../avr/include/avr/delay.h:37,
                 from ../main.c:9:
c:/winavr-20100110/lib/gcc/../../avr/include/util/delay.h:90:3: warning: #warning "Compiler optimizations disabled; functions from <util/delay.h> won't work as designed"
../main.c:12: warning: return type of 'main' is not 'int'
Finished building: ../main.c
 
Building file: ../stepper.c
Invoking: AVR Compiler
avr-gcc -Wall -g2 -gstabs -O0 -fpack-struct -fshort-enums -ffunction-sections -fdata-sections -std=gnu99 -funsigned-char -funsigned-bitfields -mmcu=atmega32 -DF_CPU=8000000UL -MMD -MP -MF"stepper.d" -MT"stepper.o" -c -o "stepper.o" "../stepper.c"
In file included from ../stepper.c:13:
c:/winavr-20100110/lib/gcc/../../avr/include/avr/delay.h:36:2: warning: #warning "This file has been moved to <util/delay.h>."
In file included from c:/winavr-20100110/lib/gcc/../../avr/include/avr/delay.h:37,
                 from ../stepper.c:13:
c:/winavr-20100110/lib/gcc/../../avr/include/util/delay.h:90:3: warning: #warning "Compiler optimizations disabled; functions from <util/delay.h> won't work as designed"
Finished building: ../stepper.c
 
Building target: stepper_motor.elf
Invoking: AVR C Linker
avr-gcc -Wl,-Map,stepper_motor.map -mmcu=atmega32 -o "stepper_motor.elf"  ./DIO.o ./lcd.o ./main.o ./stepper.o   
Finished building target: stepper_motor.elf
 
Invoking: AVR Create Extended Listing
avr-objdump -h -S stepper_motor.elf  >"stepper_motor.lss"
Finished building: stepper_motor.lss
 
Create Flash image (ihex format)
avr-objcopy -R .eeprom -R .fuse -R .lock -R .signature -O ihex stepper_motor.elf  "stepper_motor.hex"
Finished building: stepper_motor.hex
 
Invoking: Print Size
avr-size --format=avr --mcu=atmega32 stepper_motor.elf
AVR Memory Usage
----------------
Device: atmega32

Program:   10972 bytes (33.5% Full)
(.text + .data + .bootloader)

Data:         22 bytes (1.1% Full)
(.data + .bss + .noinit)


Finished building: sizedummy
 
Invoking: AVRDude
C:\WinAVR-20100110\bin\avrdude -pm32 -cusbasp -Uflash:w:stepper_motor.hex:a

avrdude: warning: cannot set sck period. please check for usbasp firmware update.
avrdude: AVR device initialized and ready to accept instructions

Reading | ################################################## | 100% 0.02s

avrdude: Device signature = 0x1e9502
avrdude: NOTE: FLASH memory has been specified, an erase cycle will be performed
         To disable this feature, specify the -D option.
avrdude: erasing chip
avrdude: warning: cannot set sck period. please check for usbasp firmware update.
avrdude: reading input file "stepper_motor.hex"
avrdude: input file stepper_motor.hex auto detected as Intel Hex
avrdude: writing flash (10972 bytes):

Writing | ################################################## | 100% 6.35s

avrdude: 10972 bytes of flash written
avrdude: verifying flash memory against stepper_motor.hex:
avrdude: load data flash data from input file stepper_motor.hex:
avrdude: input file stepper_motor.hex auto detected as Intel Hex
avrdude: input file stepper_motor.hex contains 10972 bytes
avrdude: reading on-chip flash data:

Reading | ################################################## | 100% 5.93s

avrdude: verifying ...
avrdude: 10972 bytes of flash verified

avrdude done.  Thank you.

Finished building: avrdudedummy
 

00:20:43 Build Finished (took 13s.947ms)

