20:45:15 **** Incremental Build of configuration Debug for project switch2 ****
make all 
Building file: ../main.c
Invoking: AVR Compiler
avr-gcc -Wall -g2 -gstabs -O0 -fpack-struct -fshort-enums -ffunction-sections -fdata-sections -std=gnu99 -funsigned-char -funsigned-bitfields -mmcu=atmega32 -DF_CPU=8000000UL -MMD -MP -MF"main.d" -MT"main.o" -c -o "main.o" "../main.c"
In file included from ../main.c:2:
c:/winavr-20100110/lib/gcc/../../avr/include/avr/delay.h:36:2: warning: #warning "This file has been moved to <util/delay.h>."
In file included from c:/winavr-20100110/lib/gcc/../../avr/include/avr/delay.h:37,
                 from ../main.c:2:
c:/winavr-20100110/lib/gcc/../../avr/include/util/delay.h:90:3: warning: #warning "Compiler optimizations disabled; functions from <util/delay.h> won't work as designed"
../main.c:3:1: warning: "F_CPU" redefined
<command-line>: warning: this is the location of the previous definition
../main.c:7: warning: return type of 'main' is not 'int'
Finished building: ../main.c
 
Building target: switch2.elf
Invoking: AVR C Linker
avr-gcc -Wl,-Map,switch2.map -mmcu=atmega32 -o "switch2.elf"  ./main.o   
Finished building target: switch2.elf
 
Invoking: AVR Create Extended Listing
avr-objdump -h -S switch2.elf  >"switch2.lss"
Finished building: switch2.lss
 
Create Flash image (ihex format)
avr-objcopy -R .eeprom -R .fuse -R .lock -R .signature -O ihex switch2.elf  "switch2.hex"
Finished building: switch2.hex
 
Invoking: Print Size
avr-size --format=avr --mcu=atmega32 switch2.elf
AVR Memory Usage
----------------
Device: atmega32

Program:    3552 bytes (10.8% Full)
(.text + .data + .bootloader)

Data:         34 bytes (1.7% Full)
(.data + .bss + .noinit)


Finished building: sizedummy
 
Invoking: AVRDude
C:\WinAVR-20100110\bin\avrdude -pm32 -cusbasp -Uflash:w:switch2.hex:a

avrdude: warning: cannot set sck period. please check for usbasp firmware update.
avrdude: AVR device initialized and ready to accept instructions

Reading | ################################################## | 100% 0.02s

avrdude: Device signature = 0x1e9502
avrdude: NOTE: FLASH memory has been specified, an erase cycle will be performed
         To disable this feature, specify the -D option.
avrdude: erasing chip
avrdude: warning: cannot set sck period. please check for usbasp firmware update.
avrdude: reading input file "switch2.hex"
avrdude: input file switch2.hex auto detected as Intel Hex
avrdude: writing flash (3552 bytes):

Writing | ################################################## | 100% 2.11s

avrdude: 3552 bytes of flash written
avrdude: verifying flash memory against switch2.hex:
avrdude: load data flash data from input file switch2.hex:
avrdude: input file switch2.hex auto detected as Intel Hex
avrdude: input file switch2.hex contains 3552 bytes
avrdude: reading on-chip flash data:

Reading | ################################################## | 100% 1.93s

avrdude: verifying ...
avrdude: 3552 bytes of flash verified

avrdude done.  Thank you.

Finished building: avrdudedummy
 

20:45:21 Build Finished (took 5s.585ms)

