18:39:29 **** Incremental Build of configuration Debug for project timer ****
make all 
Building file: ../main.c
Invoking: AVR Compiler
avr-gcc -Wall -g2 -gstabs -O0 -fpack-struct -fshort-enums -ffunction-sections -fdata-sections -std=gnu99 -funsigned-char -funsigned-bitfields -mmcu=atmega32 -DF_CPU=8000000UL -MMD -MP -MF"main.d" -MT"main.o" -c -o "main.o" "../main.c"
../main.c:10: warning: return type of 'main' is not 'int'
Finished building: ../main.c
 
Building target: timer.elf
Invoking: AVR C Linker
avr-gcc -Wl,-Map,timer.map -mmcu=atmega32 -o "timer.elf"  ./DIO.o ./lcd.o ./main.o ./timer.o   
Finished building target: timer.elf
 
Invoking: AVR Create Extended Listing
avr-objdump -h -S timer.elf  >"timer.lss"
Finished building: timer.lss
 
Create Flash image (ihex format)
avr-objcopy -R .eeprom -R .fuse -R .lock -R .signature -O ihex timer.elf  "timer.hex"
Finished building: timer.hex
 
Invoking: Print Size
avr-size --format=avr --mcu=atmega32 timer.elf
AVR Memory Usage
----------------
Device: atmega32

Program:   10466 bytes (31.9% Full)
(.text + .data + .bootloader)

Data:         12 bytes (0.6% Full)
(.data + .bss + .noinit)


Finished building: sizedummy
 
Invoking: AVRDude
C:\WinAVR-20100110\bin\avrdude -pm32 -cusbasp -Uflash:w:timer.hex:a

avrdude: warning: cannot set sck period. please check for usbasp firmware update.
avrdude: AVR device initialized and ready to accept instructions

Reading | ################################################## | 100% 0.01s

avrdude: Device signature = 0x1e9502
avrdude: NOTE: FLASH memory has been specified, an erase cycle will be performed
         To disable this feature, specify the -D option.
avrdude: erasing chip
avrdude: warning: cannot set sck period. please check for usbasp firmware update.
avrdude: reading input file "timer.hex"
avrdude: input file timer.hex auto detected as Intel Hex
avrdude: writing flash (10466 bytes):

Writing | ################################################## | 100% 6.08s

avrdude: 10466 bytes of flash written
avrdude: verifying flash memory against timer.hex:
avrdude: load data flash data from input file timer.hex:
avrdude: input file timer.hex auto detected as Intel Hex
avrdude: input file timer.hex contains 10466 bytes
avrdude: reading on-chip flash data:

Reading | ################################################## | 100% 5.66s

avrdude: verifying ...
avrdude: 10466 bytes of flash verified

avrdude done.  Thank you.

Finished building: avrdudedummy
 

18:39:43 Build Finished (took 13s.326ms)

