18:23:01 **** Incremental Build of configuration Debug for project timer_watchdog ****
make all 
Building file: ../main.c
Invoking: AVR Compiler
avr-gcc -Wall -g2 -gstabs -O0 -fpack-struct -fshort-enums -ffunction-sections -fdata-sections -std=gnu99 -funsigned-char -funsigned-bitfields -mmcu=atmega32 -DF_CPU=8000000UL -MMD -MP -MF"main.d" -MT"main.o" -c -o "main.o" "../main.c"
../main.c:3:1: warning: "F_CPU" redefined
<command-line>: warning: this is the location of the previous definition
In file included from ../main.c:7:
c:/winavr-20100110/lib/gcc/../../avr/include/avr/delay.h:36:2: warning: #warning "This file has been moved to <util/delay.h>."
In file included from c:/winavr-20100110/lib/gcc/../../avr/include/avr/delay.h:37,
                 from ../main.c:7:
c:/winavr-20100110/lib/gcc/../../avr/include/util/delay.h:90:3: warning: #warning "Compiler optimizations disabled; functions from <util/delay.h> won't work as designed"
../main.c:11: warning: return type of 'main' is not 'int'
Finished building: ../main.c
 
Building target: timer_watchdog.elf
Invoking: AVR C Linker
avr-gcc -Wl,-Map,timer_watchdog.map -mmcu=atmega32 -o "timer_watchdog.elf"  ./DIO.o ./main.o ./watchdog.o   
Finished building target: timer_watchdog.elf
 
Invoking: AVR Create Extended Listing
avr-objdump -h -S timer_watchdog.elf  >"timer_watchdog.lss"
Finished building: timer_watchdog.lss
 
Create Flash image (ihex format)
avr-objcopy -R .eeprom -R .fuse -R .lock -R .signature -O ihex timer_watchdog.elf  "timer_watchdog.hex"
Finished building: timer_watchdog.hex
 
Invoking: Print Size
avr-size --format=avr --mcu=atmega32 timer_watchdog.elf
AVR Memory Usage
----------------
Device: atmega32

Program:    5114 bytes (15.6% Full)
(.text + .data + .bootloader)

Data:          8 bytes (0.4% Full)
(.data + .bss + .noinit)


Finished building: sizedummy
 
Invoking: AVRDude
C:\WinAVR-20100110\bin\avrdude -pm32 -cusbasp -Uflash:w:timer_watchdog.hex:a

avrdude: warning: cannot set sck period. please check for usbasp firmware update.
avrdude: AVR device initialized and ready to accept instructions

Reading | ################################################## | 100% 0.02s

avrdude: Device signature = 0x1e9502
avrdude: NOTE: FLASH memory has been specified, an erase cycle will be performed
         To disable this feature, specify the -D option.
avrdude: erasing chip
avrdude: warning: cannot set sck period. please check for usbasp firmware update.
avrdude: reading input file "timer_watchdog.hex"
avrdude: input file timer_watchdog.hex auto detected as Intel Hex
avrdude: writing flash (5114 bytes):

Writing | ################################################## | 100% 2.96s

avrdude: 5114 bytes of flash written
avrdude: verifying flash memory against timer_watchdog.hex:
avrdude: load data flash data from input file timer_watchdog.hex:
avrdude: input file timer_watchdog.hex auto detected as Intel Hex
avrdude: input file timer_watchdog.hex contains 5114 bytes
avrdude: reading on-chip flash data:

Reading | ################################################## | 100% 2.76s

avrdude: verifying ...
avrdude: 5114 bytes of flash verified

avrdude done.  Thank you.

Finished building: avrdudedummy
 

18:23:08 Build Finished (took 7s.270ms)

