17:23:47 **** Incremental Build of configuration Debug for project timer0_ICU_dutyT0 ****
make all 
Building file: ../main.c
Invoking: AVR Compiler
avr-gcc -Wall -g2 -gstabs -O0 -fpack-struct -fshort-enums -ffunction-sections -fdata-sections -std=gnu99 -funsigned-char -funsigned-bitfields -mmcu=atmega32 -DF_CPU=8000000UL -MMD -MP -MF"main.d" -MT"main.o" -c -o "main.o" "../main.c"
../main.c:11: warning: return type of 'main' is not 'int'
Finished building: ../main.c
 
Building target: timer0_ICU_dutyT0.elf
Invoking: AVR C Linker
avr-gcc -Wl,-Map,timer0_ICU_dutyT0.map -mmcu=atmega32 -o "timer0_ICU_dutyT0.elf"  ./ADC.o ./DIO.o ./main.o ./timer.o   
Finished building target: timer0_ICU_dutyT0.elf
 
Invoking: AVR Create Extended Listing
avr-objdump -h -S timer0_ICU_dutyT0.elf  >"timer0_ICU_dutyT0.lss"
Finished building: timer0_ICU_dutyT0.lss
 
Create Flash image (ihex format)
avr-objcopy -R .eeprom -R .fuse -R .lock -R .signature -O ihex timer0_ICU_dutyT0.elf  "timer0_ICU_dutyT0.hex"
Finished building: timer0_ICU_dutyT0.hex
 
Invoking: Print Size
avr-size --format=avr --mcu=atmega32 timer0_ICU_dutyT0.elf
AVR Memory Usage
----------------
Device: atmega32

Program:    2866 bytes (8.7% Full)
(.text + .data + .bootloader)

Data:         21 bytes (1.0% Full)
(.data + .bss + .noinit)


Finished building: sizedummy
 
Invoking: AVRDude
C:\WinAVR-20100110\bin\avrdude -pm32 -cusbasp -Uflash:w:timer0_ICU_dutyT0.hex:a

avrdude: warning: cannot set sck period. please check for usbasp firmware update.
avrdude: AVR device initialized and ready to accept instructions

Reading | ################################################## | 100% 0.01s

avrdude: Device signature = 0x1e9502
avrdude: NOTE: FLASH memory has been specified, an erase cycle will be performed
         To disable this feature, specify the -D option.
avrdude: erasing chip
avrdude: warning: cannot set sck period. please check for usbasp firmware update.
avrdude: reading input file "timer0_ICU_dutyT0.hex"
avrdude: input file timer0_ICU_dutyT0.hex auto detected as Intel Hex
avrdude: writing flash (2866 bytes):

Writing | ################################################## | 100% 1.68s

avrdude: 2866 bytes of flash written
avrdude: verifying flash memory against timer0_ICU_dutyT0.hex:
avrdude: load data flash data from input file timer0_ICU_dutyT0.hex:
avrdude: input file timer0_ICU_dutyT0.hex auto detected as Intel Hex
avrdude: input file timer0_ICU_dutyT0.hex contains 2866 bytes
avrdude: reading on-chip flash data:

Reading | ################################################## | 100% 1.56s

avrdude: verifying ...
avrdude: 2866 bytes of flash verified

avrdude done.  Thank you.

Finished building: avrdudedummy
 

17:23:53 Build Finished (took 6s.812ms)

