14:22:35 **** Incremental Build of configuration Debug for project Timer1_Driver ****
make all 
Building file: ../APP.c
Invoking: AVR Compiler
avr-gcc -Wall -g2 -gstabs -O0 -fpack-struct -fshort-enums -ffunction-sections -fdata-sections -std=gnu99 -funsigned-char -funsigned-bitfields -mmcu=atmega32 -DF_CPU=8000000UL -MMD -MP -MF"APP.d" -MT"APP.o" -c -o "APP.o" "../APP.c"
In file included from ../APP.c:13:
c:/winavr-20100110/lib/gcc/../../avr/include/avr/delay.h:36:2: warning: #warning "This file has been moved to <util/delay.h>."
In file included from c:/winavr-20100110/lib/gcc/../../avr/include/avr/delay.h:37,
                 from ../APP.c:13:
c:/winavr-20100110/lib/gcc/../../avr/include/util/delay.h:90:3: warning: #warning "Compiler optimizations disabled; functions from <util/delay.h> won't work as designed"
Finished building: ../APP.c
 
Building target: Timer1_Driver.elf
Invoking: AVR C Linker
avr-gcc -Wl,-Map,Timer1_Driver.map -mmcu=atmega32 -o "Timer1_Driver.elf"  ./APP.o ./DIO.o ./Timer1.o   
Finished building target: Timer1_Driver.elf
 
Invoking: AVR Create Extended Listing
avr-objdump -h -S Timer1_Driver.elf  >"Timer1_Driver.lss"
Finished building: Timer1_Driver.lss
 
Create Flash image (ihex format)
avr-objcopy -R .eeprom -R .fuse -R .lock -R .signature -O ihex Timer1_Driver.elf  "Timer1_Driver.hex"
Finished building: Timer1_Driver.hex
 
Invoking: Print Size
avr-size --format=avr --mcu=atmega32 Timer1_Driver.elf
AVR Memory Usage
----------------
Device: atmega32

Program:    1700 bytes (5.2% Full)
(.text + .data + .bootloader)

Data:          1 bytes (0.0% Full)
(.data + .bss + .noinit)


Finished building: sizedummy
 
Invoking: AVRDude
C:\WinAVR-20100110\bin\avrdude -pm32 -cusbasp -Uflash:w:Timer1_Driver.hex:a

avrdude: warning: cannot set sck period. please check for usbasp firmware update.
avrdude: AVR device initialized and ready to accept instructions

Reading | ################################################## | 100% 0.01s

avrdude: Device signature = 0x1e9502
avrdude: NOTE: FLASH memory has been specified, an erase cycle will be performed
         To disable this feature, specify the -D option.
avrdude: erasing chip
avrdude: warning: cannot set sck period. please check for usbasp firmware update.
avrdude: reading input file "Timer1_Driver.hex"
avrdude: input file Timer1_Driver.hex auto detected as Intel Hex
avrdude: writing flash (1700 bytes):

Writing | ################################################## | 100% 0.99s

avrdude: 1700 bytes of flash written
avrdude: verifying flash memory against Timer1_Driver.hex:
avrdude: load data flash data from input file Timer1_Driver.hex:
avrdude: input file Timer1_Driver.hex auto detected as Intel Hex
avrdude: input file Timer1_Driver.hex contains 1700 bytes
avrdude: reading on-chip flash data:

Reading | ################################################## | 100% 0.92s

avrdude: verifying ...
avrdude: 1700 bytes of flash verified

avrdude done.  Thank you.

Finished building: avrdudedummy
 

14:22:38 Build Finished (took 3s.168ms)

