04:35:35 **** Incremental Build of configuration Debug for project tl ****
make all 
Invoking: Print Size
avr-size --format=avr --mcu=atmega32 tl.elf
AVR Memory Usage
----------------
Device: atmega32

Program:    5396 bytes (16.5% Full)
(.text + .data + .bootloader)

Data:          8 bytes (0.4% Full)
(.data + .bss + .noinit)


Finished building: sizedummy
 
Invoking: AVRDude
C:\WinAVR-20100110\bin\avrdude -pm32 -cusbasp -Uflash:w:tl.hex:a

avrdude: warning: cannot set sck period. please check for usbasp firmware update.
avrdude: AVR device initialized and ready to accept instructions

Reading | ################################################## | 100% 0.05s

avrdude: Device signature = 0x1e9502
avrdude: NOTE: FLASH memory has been specified, an erase cycle will be performed
         To disable this feature, specify the -D option.
avrdude: erasing chip
avrdude: warning: cannot set sck period. please check for usbasp firmware update.
avrdude: reading input file "tl.hex"
avrdude: input file tl.hex auto detected as Intel Hex
avrdude: writing flash (5396 bytes):

Writing | ################################################## | 100% 3.14s

avrdude: 5396 bytes of flash written
avrdude: verifying flash memory against tl.hex:
avrdude: load data flash data from input file tl.hex:
avrdude: input file tl.hex auto detected as Intel Hex
avrdude: input file tl.hex contains 5396 bytes
avrdude: reading on-chip flash data:

Reading | ################################################## | 100% 2.92s

avrdude: verifying ...
avrdude: 5396 bytes of flash verified

avrdude done.  Thank you.

Finished building: avrdudedummy
 

04:35:42 Build Finished (took 7s.160ms)

